# JRE version: OpenJDK Runtime Environment (11.0.12+7) (build 11.0.12+7-b1504.28-7817840)
# Java VM: OpenJDK 64-Bit Server VM (11.0.12+7-b1504.28-7817840, mixed mode, tiered, compressed oops, g1 gc, windows-amd64)
Heap:
 garbage-first heap   total 194560K, used 31553K [0x0000000080000000, 0x0000000100000000)
  region size 1024K, 11 young (11264K), 9 survivors (9216K)
 Metaspace       used 47278K, capacity 48528K, committed 48640K, reserved 1091584K
  class space    used 6106K, capacity 6549K, committed 6656K, reserved 1048576K
GC Heap History (10 events):
Event: 3.124 GC heap before
{Heap before GC invocations=0 (full 0):
 garbage-first heap   total 194560K, used 29696K [0x0000000080000000, 0x0000000100000000)
  region size 1024K, 24 young (24576K), 0 survivors (0K)
 Metaspace       used 10281K, capacity 10491K, committed 10624K, reserved 1058816K
  class space    used 1072K, capacity 1141K, committed 1152K, reserved 1048576K
}
Event: 3.132 GC heap after
{Heap after GC invocations=1 (full 0):
 garbage-first heap   total 194560K, used 9543K [0x0000000080000000, 0x0000000100000000)
  region size 1024K, 3 young (3072K), 3 survivors (3072K)
 Metaspace       used 10281K, capacity 10491K, committed 10624K, reserved 1058816K
  class space    used 1072K, capacity 1141K, committed 1152K, reserved 1048576K
}
Event: 9.255 GC heap before
{Heap before GC invocations=1 (full 0):
 garbage-first heap   total 194560K, used 109895K [0x0000000080000000, 0x0000000100000000)
  region size 1024K, 102 young (104448K), 3 survivors (3072K)
 Metaspace       used 20754K, capacity 21140K, committed 21248K, reserved 1067008K
  class space    used 2553K, capacity 2713K, committed 2816K, reserved 1048576K
}
Event: 9.319 GC heap after
{Heap after GC invocations=2 (full 0):
 garbage-first heap   total 194560K, used 17011K [0x0000000080000000, 0x0000000100000000)
  region size 1024K, 11 young (11264K), 11 survivors (11264K)
 Metaspace       used 20754K, capacity 21140K, committed 21248K, reserved 1067008K
  class space    used 2553K, capacity 2713K, committed 2816K, reserved 1048576K
}
Event: 10.371 GC heap before
{Heap before GC invocations=3 (full 0):
 garbage-first heap   total 194560K, used 31347K [0x0000000080000000, 0x0000000100000000)
  region size 1024K, 25 young (25600K), 11 survivors (11264K)
 Metaspace       used 22545K, capacity 23076K, committed 23296K, reserved 1069056K
  class space    used 2827K, capacity 3002K, committed 3072K, reserved 1048576K
}
Event: 10.483 GC heap after
{Heap after GC invocations=4 (full 0):
 garbage-first heap   total 194560K, used 17605K [0x0000000080000000, 0x0000000100000000)
  region size 1024K, 1 young (1024K), 1 survivors (1024K)
 Metaspace       used 22545K, capacity 23076K, committed 23296K, reserved 1069056K
  class space    used 2827K, capacity 3002K, committed 3072K, reserved 1048576K
}
Event: 18.813 GC heap before
{Heap before GC invocations=4 (full 0):
 garbage-first heap   total 194560K, used 113861K [0x0000000080000000, 0x0000000100000000)
  region size 1024K, 96 young (98304K), 1 survivors (1024K)
 Metaspace       used 34983K, capacity 35782K, committed 35840K, reserved 1081344K
  class space    used 4541K, capacity 4839K, committed 4864K, reserved 1048576K
}
Event: 18.830 GC heap after
{Heap after GC invocations=5 (full 0):
 garbage-first heap   total 194560K, used 21967K [0x0000000080000000, 0x0000000100000000)
  region size 1024K, 6 young (6144K), 6 survivors (6144K)
 Metaspace       used 34983K, capacity 35782K, committed 35840K, reserved 1081344K
  class space    used 4541K, capacity 4839K, committed 4864K, reserved 1048576K
}
Event: 25.901 GC heap before
{Heap before GC invocations=6 (full 0):
 garbage-first heap   total 194560K, used 130511K [0x0000000080000000, 0x0000000100000000)
  region size 1024K, 109 young (111616K), 6 survivors (6144K)
 Metaspace       used 43958K, capacity 45085K, committed 45184K, reserved 1089536K
  class space    used 5610K, capacity 5987K, committed 6016K, reserved 1048576K
}
Event: 25.920 GC heap after
{Heap after GC invocations=7 (full 0):
 garbage-first heap   total 194560K, used 29383K [0x0000000080000000, 0x0000000100000000)
  region size 1024K, 13 young (13312K), 13 survivors (13312K)
 Metaspace       used 43958K, capacity 45085K, committed 45184K, reserved 1089536K
  class space    used 5610K, capacity 5987K, committed 6016K, reserved 1048576K
}

